<?xml version="1.0" encoding="UTF-8"?>
<!-- Generated by org.testng.reporters.JUnitXMLReporter -->
<testsuite ignored="0" hostname="DESKTOP-OVJAMBV" failures="0" tests="4" name="RegrationTest" time="25.793" errors="0" timestamp="19 May 2022 04:18:39 GMT">
  <testcase classname="testNG.RadioButton1" name="radioButtonTest" time="0.221"/>
  <testcase classname="testNG.TNG_002" name="amazon" time="2.982"/>
  <testcase classname="testNG.CheckBox1" name="checkboxtest" time="0.209"/>
  <testcase classname="testNG.LinkTesting1" name="linkTesting1" time="0.188"/>
</testsuite> <!-- RegrationTest -->
