<?xml version="1.0" encoding="UTF-8"?>
<!-- Generated by org.testng.reporters.JUnitXMLReporter -->
<testsuite ignored="2" hostname="DESKTOP-OVJAMBV" failures="0" tests="2" name="Test" time="18.114" errors="0" timestamp="25 May 2022 11:52:20 GMT">
  <testcase classname="testNG.TNG_002" name="amazon" time="3.611"/>
  <testcase classname="testNG.LinkTesting1" name="linkTesting1" time="0.181"/>
  <testcase classname="testNG.RadioButton1" name="radioButtonTest" time="0.0">
    <ignored/>
  </testcase> <!-- radioButtonTest -->
  <testcase classname="testNG.CheckBox1" name="checkboxtest" time="0.0">
    <ignored/>
  </testcase> <!-- checkboxtest -->
</testsuite> <!-- Test -->
