<?xml version="1.0" encoding="UTF-8"?>
<!-- Generated by org.testng.reporters.JUnitXMLReporter -->
<testsuite ignored="0" hostname="DESKTOP-OVJAMBV" failures="0" tests="4" name="RegressionTest" time="0.119" errors="0" timestamp="21 May 2022 03:08:20 GMT">
  <testcase classname="testNG.RadioButton1" name="@BeforeMethod beforeMethod" time="0.012">
    <failure type="java.lang.NullPointerException" message="Cannot invoke &amp;quot;org.openqa.selenium.WebDriver.get(String)&amp;quot; because &amp;quot;testNG.RadioButton1.driver&amp;quot; is null">
      <![CDATA[java.lang.NullPointerException: Cannot invoke "org.openqa.selenium.WebDriver.get(String)" because "testNG.RadioButton1.driver" is null
at testNG.RadioButton1.beforeMethod(RadioButton1.java:28)
... Removed 28 stack frames]]>
    </failure>
  </testcase> <!-- @BeforeMethod beforeMethod -->
  <testcase classname="testNG.RadioButton1" name="@AfterMethod afterMethod" time="0.0">
    <skipped/>
  </testcase> <!-- @AfterMethod afterMethod -->
  <testcase classname="testNG.TNG_002" name="@BeforeMethod startup" time="0.0">
    <failure type="java.lang.NullPointerException" message="Cannot invoke &amp;quot;org.openqa.selenium.WebDriver.get(String)&amp;quot; because &amp;quot;testNG.TNG_002.driver&amp;quot; is null">
      <![CDATA[java.lang.NullPointerException: Cannot invoke "org.openqa.selenium.WebDriver.get(String)" because "testNG.TNG_002.driver" is null
at testNG.TNG_002.startup(TNG_002.java:26)
... Removed 28 stack frames]]>
    </failure>
  </testcase> <!-- @BeforeMethod startup -->
  <testcase classname="testNG.TNG_002" name="@AfterMethod endprocess" time="0.0">
    <skipped/>
  </testcase> <!-- @AfterMethod endprocess -->
  <testcase classname="testNG.CheckBox1" name="@BeforeMethod beforeMethod" time="0.001">
    <failure type="java.lang.NullPointerException" message="Cannot invoke &amp;quot;org.openqa.selenium.WebDriver.get(String)&amp;quot; because &amp;quot;testNG.CheckBox1.driver&amp;quot; is null">
      <![CDATA[java.lang.NullPointerException: Cannot invoke "org.openqa.selenium.WebDriver.get(String)" because "testNG.CheckBox1.driver" is null
at testNG.CheckBox1.beforeMethod(CheckBox1.java:31)
... Removed 28 stack frames]]>
    </failure>
  </testcase> <!-- @BeforeMethod beforeMethod -->
  <testcase classname="testNG.CheckBox1" name="@AfterMethod afterMethod" time="0.0">
    <skipped/>
  </testcase> <!-- @AfterMethod afterMethod -->
  <testcase classname="testNG.LinkTesting1" name="@BeforeMethod beforeMethod" time="0.001">
    <failure type="java.lang.NullPointerException" message="Cannot invoke &amp;quot;org.openqa.selenium.WebDriver.get(String)&amp;quot; because &amp;quot;testNG.LinkTesting1.driver&amp;quot; is null">
      <![CDATA[java.lang.NullPointerException: Cannot invoke "org.openqa.selenium.WebDriver.get(String)" because "testNG.LinkTesting1.driver" is null
at testNG.LinkTesting1.beforeMethod(LinkTesting1.java:41)
... Removed 28 stack frames]]>
    </failure>
  </testcase> <!-- @BeforeMethod beforeMethod -->
  <testcase classname="testNG.LinkTesting1" name="@AfterMethod afterMethod" time="0.0">
    <skipped/>
  </testcase> <!-- @AfterMethod afterMethod -->
  <testcase classname="testNG.RadioButton1" name="radioButtonTest" time="0.0">
    <skipped/>
  </testcase> <!-- radioButtonTest -->
  <testcase classname="testNG.TNG_002" name="amazon" time="0.0">
    <skipped/>
  </testcase> <!-- amazon -->
  <testcase classname="testNG.CheckBox1" name="checkboxtest" time="0.0">
    <skipped/>
  </testcase> <!-- checkboxtest -->
  <testcase classname="testNG.LinkTesting1" name="linkTesting1" time="0.0">
    <skipped/>
  </testcase> <!-- linkTesting1 -->
</testsuite> <!-- RegressionTest -->
