<?xml version="1.0" encoding="UTF-8"?>
<testng-results ignored="0" total="1" passed="1" failed="0" skipped="0">
  <reporter-output>
  </reporter-output>
  <suite started-at="2022-06-02T04:08:45 BST" name="Suite" finished-at="2022-06-02T04:09:03 BST" duration-ms="17540">
    <groups>
      <group name="regression">
        <method signature="TNG_002.amazon()[pri:0, instance:testNG.TNG_002@4229bb3f]" name="amazon" class="testNG.TNG_002"/>
      </group> <!-- regression -->
      <group name="sanity">
        <method signature="TNG_002.amazon()[pri:0, instance:testNG.TNG_002@4229bb3f]" name="amazon" class="testNG.TNG_002"/>
      </group> <!-- sanity -->
    </groups>
    <test started-at="2022-06-02T04:08:45 BST" name="Test" finished-at="2022-06-02T04:09:03 BST" duration-ms="17540">
      <class name="testNG.TNG_002">
        <test-method is-config="true" signature="startUp(java.lang.String)[pri:0, instance:testNG.TNG_002@4229bb3f]" started-at="2022-06-02T04:08:45 BST" name="startUp" finished-at="2022-06-02T04:08:53 BST" duration-ms="8373" status="PASS">
          <params>
            <param index="0">
              <value>
                <![CDATA[chrome]]>
              </value>
            </param>
          </params>
          <reporter-output>
          </reporter-output>
        </test-method> <!-- startUp -->
        <test-method signature="amazon()[pri:0, instance:testNG.TNG_002@4229bb3f]" started-at="2022-06-02T04:08:53 BST" name="amazon" finished-at="2022-06-02T04:09:00 BST" duration-ms="6960" status="PASS">
          <reporter-output>
          </reporter-output>
        </test-method> <!-- amazon -->
        <test-method is-config="true" signature="endProcess()[pri:0, instance:testNG.TNG_002@4229bb3f]" started-at="2022-06-02T04:09:00 BST" name="endProcess" finished-at="2022-06-02T04:09:02 BST" duration-ms="2128" status="PASS">
          <reporter-output>
          </reporter-output>
        </test-method> <!-- endProcess -->
      </class> <!-- testNG.TNG_002 -->
    </test> <!-- Test -->
  </suite> <!-- Suite -->
</testng-results>
