<?xml version="1.0" encoding="UTF-8"?>
<testng-results ignored="0" total="1" passed="1" failed="0" skipped="0">
  <reporter-output>
  </reporter-output>
  <suite started-at="2022-06-06T02:26:02Z" name="Suite" finished-at="2022-06-06T02:26:15Z" duration-ms="12770">
    <groups>
      <group name="regression">
        <method signature="TNG_002.amazon()[pri:0, instance:testNG.TNG_002@1fb19a0]" name="amazon" class="testNG.TNG_002"/>
      </group> <!-- regression -->
      <group name="sanity">
        <method signature="TNG_002.amazon()[pri:0, instance:testNG.TNG_002@1fb19a0]" name="amazon" class="testNG.TNG_002"/>
      </group> <!-- sanity -->
    </groups>
    <test started-at="2022-06-06T02:26:02Z" name="Test" finished-at="2022-06-06T02:26:15Z" duration-ms="12770">
      <class name="testNG.TNG_002">
        <test-method is-config="true" signature="startUp(java.lang.String)[pri:0, instance:testNG.TNG_002@1fb19a0]" started-at="2022-06-06T02:26:02Z" name="startUp" finished-at="2022-06-06T02:26:09Z" duration-ms="7294" status="PASS">
          <params>
            <param index="0">
              <value>
                <![CDATA[chrome]]>
              </value>
            </param>
          </params>
          <reporter-output>
          </reporter-output>
        </test-method> <!-- startUp -->
        <test-method signature="amazon()[pri:0, instance:testNG.TNG_002@1fb19a0]" started-at="2022-06-06T02:26:09Z" name="amazon" finished-at="2022-06-06T02:26:14Z" duration-ms="4295" status="PASS">
          <reporter-output>
          </reporter-output>
        </test-method> <!-- amazon -->
        <test-method is-config="true" signature="endProcess()[pri:0, instance:testNG.TNG_002@1fb19a0]" started-at="2022-06-06T02:26:14Z" name="endProcess" finished-at="2022-06-06T02:26:15Z" duration-ms="1153" status="PASS">
          <reporter-output>
          </reporter-output>
        </test-method> <!-- endProcess -->
      </class> <!-- testNG.TNG_002 -->
    </test> <!-- Test -->
  </suite> <!-- Suite -->
</testng-results>
